{"C:\\Users\\Pedro\\Desktop\\sambatech-app\\src\\features\\character\\characterService.js": {"path":"C:\\Users\\Pedro\\Desktop\\sambatech-app\\src\\features\\character\\characterService.js","statementMap":{"0":{"start":{"line":2,"column":22},"end":{"line":2,"column":70}},"1":{"start":{"line":6,"column":4},"end":{"line":6,"column":42}}},"fnMap":{"0":{"name":"(anonymous_0)","decl":{"start":{"line":5,"column":2},"end":{"line":5,"column":3}},"loc":{"start":{"line":5,"column":27},"end":{"line":7,"column":3}},"line":5}},"branchMap":{},"s":{"0":5,"1":1},"f":{"0":1},"b":{},"_coverageSchema":"43e27e138ebf9cfc5966b082cf9a028302ed4184","hash":"b999d01b365a02ae7c2cd355c3829111c66909c8"}
,"C:\\Users\\Pedro\\Desktop\\sambatech-app\\src\\features\\character\\redux\\characterOperations.js": {"path":"C:\\Users\\Pedro\\Desktop\\sambatech-app\\src\\features\\character\\redux\\characterOperations.js","statementMap":{"0":{"start":{"line":5,"column":29},"end":{"line":14,"column":1}},"1":{"start":{"line":5,"column":35},"end":{"line":14,"column":1}},"2":{"start":{"line":6,"column":2},"end":{"line":13,"column":3}},"3":{"start":{"line":7,"column":25},"end":{"line":7,"column":66}},"4":{"start":{"line":8,"column":4},"end":{"line":8,"column":46}},"5":{"start":{"line":10,"column":4},"end":{"line":12,"column":6}}},"fnMap":{"0":{"name":"(anonymous_0)","decl":{"start":{"line":5,"column":29},"end":{"line":5,"column":30}},"loc":{"start":{"line":5,"column":35},"end":{"line":14,"column":1}},"line":5},"1":{"name":"(anonymous_1)","decl":{"start":{"line":5,"column":35},"end":{"line":5,"column":36}},"loc":{"start":{"line":5,"column":53},"end":{"line":14,"column":1}},"line":5}},"branchMap":{},"s":{"0":3,"1":2,"2":2,"3":2,"4":1,"5":1},"f":{"0":2,"1":2},"b":{},"_coverageSchema":"43e27e138ebf9cfc5966b082cf9a028302ed4184","hash":"a3be79fba0b6e60e1f4d4e33497fe02ffd8be348"}
,"C:\\Users\\Pedro\\Desktop\\sambatech-app\\src\\features\\character\\redux\\characterReducer.js": {"path":"C:\\Users\\Pedro\\Desktop\\sambatech-app\\src\\features\\character\\redux\\characterReducer.js","statementMap":{"0":{"start":{"line":3,"column":29},"end":{"line":5,"column":1}},"1":{"start":{"line":8,"column":2},"end":{"line":13,"column":3}},"2":{"start":{"line":10,"column":6},"end":{"line":10,"column":64}},"3":{"start":{"line":12,"column":6},"end":{"line":12,"column":19}}},"fnMap":{"0":{"name":"(anonymous_0)","decl":{"start":{"line":7,"column":15},"end":{"line":7,"column":16}},"loc":{"start":{"line":7,"column":50},"end":{"line":14,"column":1}},"line":7}},"branchMap":{"0":{"loc":{"start":{"line":7,"column":16},"end":{"line":7,"column":37}},"type":"default-arg","locations":[{"start":{"line":7,"column":24},"end":{"line":7,"column":37}}],"line":7},"1":{"loc":{"start":{"line":8,"column":2},"end":{"line":13,"column":3}},"type":"switch","locations":[{"start":{"line":9,"column":4},"end":{"line":10,"column":64}},{"start":{"line":11,"column":4},"end":{"line":12,"column":19}}],"line":8}},"s":{"0":2,"1":5,"2":1,"3":4},"f":{"0":5},"b":{"0":[3],"1":[1,4]},"_coverageSchema":"43e27e138ebf9cfc5966b082cf9a028302ed4184","hash":"9fb8904f39a4f3d0904b1850c3aa3f70147b2ac9"}
,"C:\\Users\\Pedro\\Desktop\\sambatech-app\\src\\features\\character\\redux\\dispatchHelper.js": {"path":"C:\\Users\\Pedro\\Desktop\\sambatech-app\\src\\features\\character\\redux\\dispatchHelper.js","statementMap":{"0":{"start":{"line":1,"column":27},"end":{"line":10,"column":1}},"1":{"start":{"line":2,"column":4},"end":{"line":9,"column":6}}},"fnMap":{"0":{"name":"(anonymous_0)","decl":{"start":{"line":1,"column":27},"end":{"line":1,"column":28}},"loc":{"start":{"line":1,"column":36},"end":{"line":10,"column":1}},"line":1}},"branchMap":{},"s":{"0":3,"1":1},"f":{"0":1},"b":{},"_coverageSchema":"43e27e138ebf9cfc5966b082cf9a028302ed4184","hash":"8fcd8dcccc7f3c650822203f0bb7da0903acd075"}
,"C:\\Users\\Pedro\\Desktop\\sambatech-app\\src\\features\\character\\views\\characterContainer.js": {"path":"C:\\Users\\Pedro\\Desktop\\sambatech-app\\src\\features\\character\\views\\characterContainer.js","statementMap":{"0":{"start":{"line":7,"column":4},"end":{"line":7,"column":65}},"1":{"start":{"line":10,"column":27},"end":{"line":12,"column":1}},"2":{"start":{"line":13,"column":0},"end":{"line":15,"column":2}},"3":{"start":{"line":16,"column":31},"end":{"line":20,"column":1}},"4":{"start":{"line":17,"column":2},"end":{"line":19,"column":4}}},"fnMap":{"0":{"name":"(anonymous_0)","decl":{"start":{"line":6,"column":2},"end":{"line":6,"column":3}},"loc":{"start":{"line":6,"column":11},"end":{"line":8,"column":3}},"line":6},"1":{"name":"(anonymous_1)","decl":{"start":{"line":16,"column":31},"end":{"line":16,"column":32}},"loc":{"start":{"line":16,"column":42},"end":{"line":20,"column":1}},"line":16}},"branchMap":{},"s":{"0":3,"1":2,"2":2,"3":2,"4":1},"f":{"0":3,"1":1},"b":{},"_coverageSchema":"43e27e138ebf9cfc5966b082cf9a028302ed4184","hash":"2fa1e3b16e7713d712774d9278784098f7e16df5"}
,"C:\\Users\\Pedro\\Desktop\\sambatech-app\\src\\features\\character\\views\\characterList.js": {"path":"C:\\Users\\Pedro\\Desktop\\sambatech-app\\src\\features\\character\\views\\characterList.js","statementMap":{"0":{"start":{"line":4,"column":22},"end":{"line":29,"column":1}},"1":{"start":{"line":5,"column":22},"end":{"line":5,"column":27}},"2":{"start":{"line":6,"column":4},"end":{"line":28,"column":11}},"3":{"start":{"line":8,"column":12},"end":{"line":27,"column":19}},"4":{"start":{"line":24,"column":91},"end":{"line":24,"column":98}},"5":{"start":{"line":30,"column":15},"end":{"line":123,"column":2}},"6":{"start":{"line":30,"column":22},"end":{"line":123,"column":1}}},"fnMap":{"0":{"name":"(anonymous_0)","decl":{"start":{"line":4,"column":22},"end":{"line":4,"column":23}},"loc":{"start":{"line":4,"column":33},"end":{"line":29,"column":1}},"line":4},"1":{"name":"(anonymous_1)","decl":{"start":{"line":7,"column":29},"end":{"line":7,"column":30}},"loc":{"start":{"line":8,"column":12},"end":{"line":27,"column":19}},"line":8},"2":{"name":"(anonymous_2)","decl":{"start":{"line":24,"column":86},"end":{"line":24,"column":87}},"loc":{"start":{"line":24,"column":91},"end":{"line":24,"column":98}},"line":24},"3":{"name":"(anonymous_3)","decl":{"start":{"line":30,"column":15},"end":{"line":30,"column":16}},"loc":{"start":{"line":30,"column":22},"end":{"line":123,"column":1}},"line":30}},"branchMap":{"0":{"loc":{"start":{"line":17,"column":28},"end":{"line":17,"column":181}},"type":"cond-expr","locations":[{"start":{"line":17,"column":58},"end":{"line":17,"column":88}},{"start":{"line":17,"column":91},"end":{"line":17,"column":181}}],"line":17},"1":{"loc":{"start":{"line":17,"column":91},"end":{"line":17,"column":181}},"type":"cond-expr","locations":[{"start":{"line":17,"column":118},"end":{"line":17,"column":148}},{"start":{"line":17,"column":151},"end":{"line":17,"column":181}}],"line":17}},"s":{"0":3,"1":0,"2":0,"3":0,"4":0,"5":3,"6":0},"f":{"0":0,"1":0,"2":0,"3":0},"b":{"0":[0,0],"1":[0,0]},"_coverageSchema":"43e27e138ebf9cfc5966b082cf9a028302ed4184","hash":"d31fcdcc1c142a204b70fa515a59cc0700802e91"}
,"C:\\Users\\Pedro\\Desktop\\sambatech-app\\src\\features\\character\\views\\characterPage.js": {"path":"C:\\Users\\Pedro\\Desktop\\sambatech-app\\src\\features\\character\\views\\characterPage.js","statementMap":{"0":{"start":{"line":6,"column":22},"end":{"line":47,"column":1}},"1":{"start":{"line":7,"column":33},"end":{"line":7,"column":52}},"2":{"start":{"line":8,"column":37},"end":{"line":8,"column":49}},"3":{"start":{"line":9,"column":2},"end":{"line":12,"column":9}},"4":{"start":{"line":10,"column":4},"end":{"line":10,"column":31}},"5":{"start":{"line":11,"column":4},"end":{"line":11,"column":23}},"6":{"start":{"line":13,"column":2},"end":{"line":15,"column":18}},"7":{"start":{"line":14,"column":4},"end":{"line":14,"column":29}},"8":{"start":{"line":16,"column":24},"end":{"line":23,"column":3}},"9":{"start":{"line":17,"column":4},"end":{"line":17,"column":19}},"10":{"start":{"line":18,"column":4},"end":{"line":18,"column":44}},"11":{"start":{"line":19,"column":13},"end":{"line":21,"column":6}},"12":{"start":{"line":20,"column":6},"end":{"line":20,"column":71}},"13":{"start":{"line":22,"column":4},"end":{"line":22,"column":21}},"14":{"start":{"line":24,"column":20},"end":{"line":29,"column":3}},"15":{"start":{"line":25,"column":13},"end":{"line":27,"column":6}},"16":{"start":{"line":26,"column":6},"end":{"line":26,"column":33}},"17":{"start":{"line":28,"column":4},"end":{"line":28,"column":20}},"18":{"start":{"line":30,"column":18},"end":{"line":30,"column":19}},"19":{"start":{"line":31,"column":22},"end":{"line":31,"column":27}},"20":{"start":{"line":32,"column":2},"end":{"line":34,"column":3}},"21":{"start":{"line":33,"column":4},"end":{"line":33,"column":23}},"22":{"start":{"line":35,"column":2},"end":{"line":46,"column":4}},"23":{"start":{"line":48,"column":15},"end":{"line":62,"column":2}},"24":{"start":{"line":48,"column":22},"end":{"line":62,"column":1}}},"fnMap":{"0":{"name":"(anonymous_0)","decl":{"start":{"line":6,"column":22},"end":{"line":6,"column":23}},"loc":{"start":{"line":6,"column":33},"end":{"line":47,"column":1}},"line":6},"1":{"name":"(anonymous_1)","decl":{"start":{"line":9,"column":12},"end":{"line":9,"column":13}},"loc":{"start":{"line":9,"column":24},"end":{"line":12,"column":3}},"line":9},"2":{"name":"(anonymous_2)","decl":{"start":{"line":13,"column":12},"end":{"line":13,"column":13}},"loc":{"start":{"line":13,"column":18},"end":{"line":15,"column":3}},"line":13},"3":{"name":"(anonymous_3)","decl":{"start":{"line":16,"column":24},"end":{"line":16,"column":25}},"loc":{"start":{"line":16,"column":33},"end":{"line":23,"column":3}},"line":16},"4":{"name":"(anonymous_4)","decl":{"start":{"line":19,"column":48},"end":{"line":19,"column":49}},"loc":{"start":{"line":19,"column":55},"end":{"line":21,"column":5}},"line":19},"5":{"name":"(anonymous_5)","decl":{"start":{"line":24,"column":20},"end":{"line":24,"column":21}},"loc":{"start":{"line":24,"column":29},"end":{"line":29,"column":3}},"line":24},"6":{"name":"(anonymous_6)","decl":{"start":{"line":25,"column":48},"end":{"line":25,"column":49}},"loc":{"start":{"line":25,"column":55},"end":{"line":27,"column":5}},"line":25},"7":{"name":"(anonymous_7)","decl":{"start":{"line":48,"column":15},"end":{"line":48,"column":16}},"loc":{"start":{"line":48,"column":22},"end":{"line":62,"column":1}},"line":48}},"branchMap":{"0":{"loc":{"start":{"line":18,"column":4},"end":{"line":18,"column":44}},"type":"cond-expr","locations":[{"start":{"line":18,"column":17},"end":{"line":18,"column":26}},{"start":{"line":18,"column":29},"end":{"line":18,"column":44}}],"line":18},"1":{"loc":{"start":{"line":32,"column":2},"end":{"line":34,"column":3}},"type":"if","locations":[{"start":{"line":32,"column":2},"end":{"line":34,"column":3}},{"start":{"line":32,"column":2},"end":{"line":34,"column":3}}],"line":32}},"s":{"0":3,"1":0,"2":0,"3":0,"4":0,"5":0,"6":0,"7":0,"8":0,"9":0,"10":0,"11":0,"12":0,"13":0,"14":0,"15":0,"16":0,"17":0,"18":0,"19":0,"20":0,"21":0,"22":0,"23":3,"24":1},"f":{"0":0,"1":0,"2":0,"3":0,"4":0,"5":0,"6":0,"7":1},"b":{"0":[0,0],"1":[0,0]},"_coverageSchema":"43e27e138ebf9cfc5966b082cf9a028302ed4184","hash":"d377280de3a9be7c45dfc1a5f8d9d72d2ad7bb81"}
,"C:\\Users\\Pedro\\Desktop\\sambatech-app\\src\\features\\episodes\\views\\episodesPage.js": {"path":"C:\\Users\\Pedro\\Desktop\\sambatech-app\\src\\features\\episodes\\views\\episodesPage.js","statementMap":{"0":{"start":{"line":7,"column":10},"end":{"line":11,"column":3}},"1":{"start":{"line":12,"column":14},"end":{"line":16,"column":3}},"2":{"start":{"line":13,"column":4},"end":{"line":15,"column":7}},"3":{"start":{"line":18,"column":4},"end":{"line":18,"column":26}},"4":{"start":{"line":21,"column":4},"end":{"line":21,"column":43}},"5":{"start":{"line":24,"column":4},"end":{"line":24,"column":37}},"6":{"start":{"line":25,"column":4},"end":{"line":25,"column":66}},"7":{"start":{"line":26,"column":4},"end":{"line":28,"column":6}},"8":{"start":{"line":27,"column":6},"end":{"line":27,"column":72}},"9":{"start":{"line":32,"column":24},"end":{"line":32,"column":34}},"10":{"start":{"line":33,"column":4},"end":{"line":35,"column":5}},"11":{"start":{"line":34,"column":6},"end":{"line":34,"column":28}},"12":{"start":{"line":36,"column":4},"end":{"line":51,"column":6}},"13":{"start":{"line":54,"column":15},"end":{"line":74,"column":2}},"14":{"start":{"line":54,"column":25},"end":{"line":74,"column":1}}},"fnMap":{"0":{"name":"(anonymous_0)","decl":{"start":{"line":12,"column":14},"end":{"line":12,"column":15}},"loc":{"start":{"line":12,"column":32},"end":{"line":16,"column":3}},"line":12},"1":{"name":"(anonymous_1)","decl":{"start":{"line":17,"column":2},"end":{"line":17,"column":3}},"loc":{"start":{"line":17,"column":22},"end":{"line":19,"column":3}},"line":17},"2":{"name":"(anonymous_2)","decl":{"start":{"line":20,"column":2},"end":{"line":20,"column":3}},"loc":{"start":{"line":20,"column":23},"end":{"line":22,"column":3}},"line":20},"3":{"name":"(anonymous_3)","decl":{"start":{"line":23,"column":2},"end":{"line":23,"column":3}},"loc":{"start":{"line":23,"column":19},"end":{"line":29,"column":3}},"line":23},"4":{"name":"(anonymous_4)","decl":{"start":{"line":26,"column":62},"end":{"line":26,"column":63}},"loc":{"start":{"line":26,"column":69},"end":{"line":28,"column":5}},"line":26},"5":{"name":"(anonymous_5)","decl":{"start":{"line":31,"column":2},"end":{"line":31,"column":3}},"loc":{"start":{"line":31,"column":11},"end":{"line":52,"column":3}},"line":31},"6":{"name":"(anonymous_6)","decl":{"start":{"line":54,"column":15},"end":{"line":54,"column":16}},"loc":{"start":{"line":54,"column":25},"end":{"line":74,"column":1}},"line":54}},"branchMap":{"0":{"loc":{"start":{"line":25,"column":4},"end":{"line":25,"column":66}},"type":"cond-expr","locations":[{"start":{"line":25,"column":28},"end":{"line":25,"column":37}},{"start":{"line":25,"column":40},"end":{"line":25,"column":66}}],"line":25},"1":{"loc":{"start":{"line":33,"column":4},"end":{"line":35,"column":5}},"type":"if","locations":[{"start":{"line":33,"column":4},"end":{"line":35,"column":5}},{"start":{"line":33,"column":4},"end":{"line":35,"column":5}}],"line":33}},"s":{"0":0,"1":0,"2":0,"3":0,"4":0,"5":0,"6":0,"7":0,"8":0,"9":0,"10":0,"11":0,"12":0,"13":1,"14":0},"f":{"0":0,"1":0,"2":0,"3":0,"4":0,"5":0,"6":0},"b":{"0":[0,0],"1":[0,0]},"_coverageSchema":"43e27e138ebf9cfc5966b082cf9a028302ed4184","hash":"f1fccffdbacaf572e200cffcd95fbbea5f197f05"}
,"C:\\Users\\Pedro\\Desktop\\sambatech-app\\src\\features\\shared\\alertModal.js": {"path":"C:\\Users\\Pedro\\Desktop\\sambatech-app\\src\\features\\shared\\alertModal.js","statementMap":{"0":{"start":{"line":5,"column":15},"end":{"line":22,"column":2}},"1":{"start":{"line":5,"column":22},"end":{"line":22,"column":1}},"2":{"start":{"line":24,"column":19},"end":{"line":61,"column":1}},"3":{"start":{"line":26,"column":28},"end":{"line":26,"column":49}},"4":{"start":{"line":27,"column":32},"end":{"line":27,"column":37}},"5":{"start":{"line":29,"column":28},"end":{"line":32,"column":5}},"6":{"start":{"line":30,"column":8},"end":{"line":30,"column":22}},"7":{"start":{"line":31,"column":8},"end":{"line":31,"column":31}},"8":{"start":{"line":34,"column":24},"end":{"line":36,"column":5}},"9":{"start":{"line":35,"column":8},"end":{"line":35,"column":23}},"10":{"start":{"line":38,"column":4},"end":{"line":60,"column":6}}},"fnMap":{"0":{"name":"(anonymous_0)","decl":{"start":{"line":5,"column":15},"end":{"line":5,"column":16}},"loc":{"start":{"line":5,"column":22},"end":{"line":22,"column":1}},"line":5},"1":{"name":"(anonymous_1)","decl":{"start":{"line":24,"column":19},"end":{"line":24,"column":20}},"loc":{"start":{"line":24,"column":30},"end":{"line":61,"column":1}},"line":24},"2":{"name":"(anonymous_2)","decl":{"start":{"line":29,"column":28},"end":{"line":29,"column":29}},"loc":{"start":{"line":29,"column":34},"end":{"line":32,"column":5}},"line":29},"3":{"name":"(anonymous_3)","decl":{"start":{"line":34,"column":24},"end":{"line":34,"column":25}},"loc":{"start":{"line":34,"column":30},"end":{"line":36,"column":5}},"line":34}},"branchMap":{},"s":{"0":1,"1":0,"2":1,"3":0,"4":0,"5":0,"6":0,"7":0,"8":0,"9":0,"10":0},"f":{"0":0,"1":0,"2":0,"3":0},"b":{},"_coverageSchema":"43e27e138ebf9cfc5966b082cf9a028302ed4184","hash":"3c9ecf74ab1580bef8694e40189a8fd279bfba55"}
,"C:\\Users\\Pedro\\Desktop\\sambatech-app\\src\\features\\shared\\navigationBar.js": {"path":"C:\\Users\\Pedro\\Desktop\\sambatech-app\\src\\features\\shared\\navigationBar.js","statementMap":{"0":{"start":{"line":8,"column":15},"end":{"line":72,"column":1}},"1":{"start":{"line":9,"column":32},"end":{"line":9,"column":51}},"2":{"start":{"line":10,"column":20},"end":{"line":13,"column":3}},"3":{"start":{"line":11,"column":4},"end":{"line":11,"column":23}},"4":{"start":{"line":12,"column":4},"end":{"line":12,"column":29}},"5":{"start":{"line":14,"column":26},"end":{"line":17,"column":3}},"6":{"start":{"line":15,"column":4},"end":{"line":15,"column":48}},"7":{"start":{"line":16,"column":4},"end":{"line":16,"column":110}},"8":{"start":{"line":18,"column":20},"end":{"line":20,"column":3}},"9":{"start":{"line":19,"column":4},"end":{"line":19,"column":45}},"10":{"start":{"line":21,"column":2},"end":{"line":24,"column":24}},"11":{"start":{"line":22,"column":4},"end":{"line":22,"column":29}},"12":{"start":{"line":23,"column":4},"end":{"line":23,"column":22}},"13":{"start":{"line":25,"column":22},"end":{"line":25,"column":27}},"14":{"start":{"line":26,"column":2},"end":{"line":70,"column":3}},"15":{"start":{"line":44,"column":73},"end":{"line":44,"column":85}},"16":{"start":{"line":45,"column":76},"end":{"line":45,"column":88}},"17":{"start":{"line":46,"column":69},"end":{"line":46,"column":81}},"18":{"start":{"line":56,"column":29},"end":{"line":56,"column":67}},"19":{"start":{"line":73,"column":15},"end":{"line":209,"column":2}},"20":{"start":{"line":73,"column":25},"end":{"line":209,"column":1}}},"fnMap":{"0":{"name":"(anonymous_0)","decl":{"start":{"line":8,"column":15},"end":{"line":8,"column":16}},"loc":{"start":{"line":8,"column":26},"end":{"line":72,"column":1}},"line":8},"1":{"name":"(anonymous_1)","decl":{"start":{"line":10,"column":20},"end":{"line":10,"column":21}},"loc":{"start":{"line":10,"column":30},"end":{"line":13,"column":3}},"line":10},"2":{"name":"(anonymous_2)","decl":{"start":{"line":14,"column":26},"end":{"line":14,"column":27}},"loc":{"start":{"line":14,"column":41},"end":{"line":17,"column":3}},"line":14},"3":{"name":"(anonymous_3)","decl":{"start":{"line":18,"column":20},"end":{"line":18,"column":21}},"loc":{"start":{"line":18,"column":29},"end":{"line":20,"column":3}},"line":18},"4":{"name":"(anonymous_4)","decl":{"start":{"line":21,"column":12},"end":{"line":21,"column":13}},"loc":{"start":{"line":21,"column":18},"end":{"line":24,"column":3}},"line":21},"5":{"name":"(anonymous_5)","decl":{"start":{"line":44,"column":68},"end":{"line":44,"column":69}},"loc":{"start":{"line":44,"column":73},"end":{"line":44,"column":85}},"line":44},"6":{"name":"(anonymous_6)","decl":{"start":{"line":45,"column":71},"end":{"line":45,"column":72}},"loc":{"start":{"line":45,"column":76},"end":{"line":45,"column":88}},"line":45},"7":{"name":"(anonymous_7)","decl":{"start":{"line":46,"column":64},"end":{"line":46,"column":65}},"loc":{"start":{"line":46,"column":69},"end":{"line":46,"column":81}},"line":46},"8":{"name":"(anonymous_8)","decl":{"start":{"line":56,"column":24},"end":{"line":56,"column":25}},"loc":{"start":{"line":56,"column":29},"end":{"line":56,"column":67}},"line":56},"9":{"name":"(anonymous_9)","decl":{"start":{"line":73,"column":15},"end":{"line":73,"column":16}},"loc":{"start":{"line":73,"column":25},"end":{"line":209,"column":1}},"line":73}},"branchMap":{"0":{"loc":{"start":{"line":15,"column":4},"end":{"line":15,"column":47}},"type":"binary-expr","locations":[{"start":{"line":15,"column":4},"end":{"line":15,"column":27}},{"start":{"line":15,"column":32},"end":{"line":15,"column":46}}],"line":15},"1":{"loc":{"start":{"line":16,"column":4},"end":{"line":16,"column":110}},"type":"cond-expr","locations":[{"start":{"line":16,"column":23},"end":{"line":16,"column":82}},{"start":{"line":16,"column":85},"end":{"line":16,"column":110}}],"line":16},"2":{"loc":{"start":{"line":41,"column":12},"end":{"line":47,"column":27}},"type":"cond-expr","locations":[{"start":{"line":42,"column":14},"end":{"line":47,"column":21}},{"start":{"line":47,"column":25},"end":{"line":47,"column":27}}],"line":41},"3":{"loc":{"start":{"line":51,"column":10},"end":{"line":65,"column":16}},"type":"cond-expr","locations":[{"start":{"line":52,"column":12},"end":{"line":64,"column":14}},{"start":{"line":65,"column":14},"end":{"line":65,"column":16}}],"line":51}},"s":{"0":3,"1":0,"2":0,"3":0,"4":0,"5":0,"6":0,"7":0,"8":0,"9":0,"10":0,"11":0,"12":0,"13":0,"14":0,"15":0,"16":0,"17":0,"18":0,"19":3,"20":0},"f":{"0":0,"1":0,"2":0,"3":0,"4":0,"5":0,"6":0,"7":0,"8":0,"9":0},"b":{"0":[0,0],"1":[0,0],"2":[0,0],"3":[0,0]},"_coverageSchema":"43e27e138ebf9cfc5966b082cf9a028302ed4184","hash":"fdfd3c6d5e9bd6c549faa3b265c9f871c1811406"}
,"C:\\Users\\Pedro\\Desktop\\sambatech-app\\src\\features\\suggestion\\views\\suggestionPage.js": {"path":"C:\\Users\\Pedro\\Desktop\\sambatech-app\\src\\features\\suggestion\\views\\suggestionPage.js","statementMap":{"0":{"start":{"line":9,"column":10},"end":{"line":15,"column":3}},"1":{"start":{"line":16,"column":14},"end":{"line":20,"column":3}},"2":{"start":{"line":17,"column":4},"end":{"line":19,"column":7}},"3":{"start":{"line":21,"column":19},"end":{"line":23,"column":3}},"4":{"start":{"line":22,"column":4},"end":{"line":22,"column":41}},"5":{"start":{"line":25,"column":24},"end":{"line":25,"column":34}},"6":{"start":{"line":26,"column":4},"end":{"line":26,"column":28}},"7":{"start":{"line":27,"column":4},"end":{"line":55,"column":6}},"8":{"start":{"line":40,"column":35},"end":{"line":40,"column":73}},"9":{"start":{"line":45,"column":35},"end":{"line":45,"column":76}},"10":{"start":{"line":58,"column":15},"end":{"line":111,"column":2}},"11":{"start":{"line":58,"column":22},"end":{"line":111,"column":1}}},"fnMap":{"0":{"name":"(anonymous_0)","decl":{"start":{"line":16,"column":14},"end":{"line":16,"column":15}},"loc":{"start":{"line":16,"column":32},"end":{"line":20,"column":3}},"line":16},"1":{"name":"(anonymous_1)","decl":{"start":{"line":21,"column":19},"end":{"line":21,"column":20}},"loc":{"start":{"line":21,"column":31},"end":{"line":23,"column":3}},"line":21},"2":{"name":"(anonymous_2)","decl":{"start":{"line":24,"column":2},"end":{"line":24,"column":3}},"loc":{"start":{"line":24,"column":11},"end":{"line":56,"column":3}},"line":24},"3":{"name":"(anonymous_3)","decl":{"start":{"line":40,"column":30},"end":{"line":40,"column":31}},"loc":{"start":{"line":40,"column":35},"end":{"line":40,"column":73}},"line":40},"4":{"name":"(anonymous_4)","decl":{"start":{"line":45,"column":30},"end":{"line":45,"column":31}},"loc":{"start":{"line":45,"column":35},"end":{"line":45,"column":76}},"line":45},"5":{"name":"(anonymous_5)","decl":{"start":{"line":58,"column":15},"end":{"line":58,"column":16}},"loc":{"start":{"line":58,"column":22},"end":{"line":111,"column":1}},"line":58}},"branchMap":{},"s":{"0":0,"1":0,"2":0,"3":0,"4":0,"5":0,"6":0,"7":0,"8":0,"9":0,"10":1,"11":0},"f":{"0":0,"1":0,"2":0,"3":0,"4":0,"5":0},"b":{},"_coverageSchema":"43e27e138ebf9cfc5966b082cf9a028302ed4184","hash":"d72d5b89955a432d3db3d7e4cc133574b20301eb"}
}
